2024-12-05 12:29:13,956: Logging to C:\Users\omrin\OneDrive\Desktop\Work\hydrology research\for work\hydrology-project\runs\all_data_caravan_one_layer_0512_122913\output.log initialized.
2024-12-05 12:29:13,957: ### Folder structure created at C:\Users\omrin\OneDrive\Desktop\Work\hydrology research\for work\hydrology-project\runs\all_data_caravan_one_layer_0512_122913
2024-12-05 12:29:13,958: ### Run configurations for all_data_caravan_one_layer
2024-12-05 12:29:13,958: experiment_name: all_data_caravan_one_layer
2024-12-05 12:29:13,958: run_dir: C:\Users\omrin\OneDrive\Desktop\Work\hydrology research\for work\hydrology-project\runs\all_data_caravan_one_layer_0512_122913
2024-12-05 12:29:13,958: train_basin_file: caravan_all_basins.txt
2024-12-05 12:29:13,958: validation_basin_file: caravan_all_basins.txt
2024-12-05 12:29:13,959: test_basin_file: caravan_all_basins.txt
2024-12-05 12:29:13,959: train_start_date: 2018-01-01 00:00:00
2024-12-05 12:29:13,960: train_end_date: 2020-12-31 00:00:00
2024-12-05 12:29:13,960: validation_start_date: 1989-01-01 00:00:00
2024-12-05 12:29:13,960: validation_end_date: 1990-12-31 00:00:00
2024-12-05 12:29:13,960: test_start_date: 1999-01-01 00:00:00
2024-12-05 12:29:13,960: test_end_date: 2000-12-31 00:00:00
2024-12-05 12:29:13,961: seed: None
2024-12-05 12:29:13,961: device: cuda:0
2024-12-05 12:29:13,961: validate_every: 1
2024-12-05 12:29:13,961: validate_n_random_basins: 6375
2024-12-05 12:29:13,961: metrics: ['NSE', 'KGE', 'FHV']
2024-12-05 12:29:13,961: model: cudalstm
2024-12-05 12:29:13,962: head: regression
2024-12-05 12:29:13,962: hidden_size: 256
2024-12-05 12:29:13,962: initial_forget_bias: 3
2024-12-05 12:29:13,962: output_dropout: 0.4
2024-12-05 12:29:13,962: output_activation: linear
2024-12-05 12:29:13,962: optimizer: Adam
2024-12-05 12:29:13,963: loss: NSE
2024-12-05 12:29:13,963: allow_subsequent_nan_losses: 100
2024-12-05 12:29:13,963: learning_rate: {0: 5e-05, 30: 5e-06}
2024-12-05 12:29:13,963: batch_size: 256
2024-12-05 12:29:13,963: epochs: 40
2024-12-05 12:29:13,964: clip_gradient_norm: None
2024-12-05 12:29:13,964: predict_last_n: 1
2024-12-05 12:29:13,964: seq_length: 365
2024-12-05 12:29:13,964: num_workers: 4
2024-12-05 12:29:13,965: log_interval: 5
2024-12-05 12:29:13,965: log_tensorboard: True
2024-12-05 12:29:13,965: save_weights_every: 1
2024-12-05 12:29:13,965: save_validation_results: False
2024-12-05 12:29:13,965: dataset: caravan
2024-12-05 12:29:13,966: data_dir: ..\data\Caravan
2024-12-05 12:29:13,966: forcings: ['maurer']
2024-12-05 12:29:13,966: dynamic_inputs: ['snow_depth_water_equivalent_mean', 'surface_net_solar_radiation_mean', 'surface_net_thermal_radiation_mean', 'surface_pressure_mean', 'temperature_2m_mean', 'dewpoint_temperature_2m_mean', 'u_component_of_wind_10m_mean', 'v_component_of_wind_10m_mean', 'volumetric_soil_water_layer_1_mean', 'volumetric_soil_water_layer_2_mean', 'volumetric_soil_water_layer_3_mean', 'volumetric_soil_water_layer_4_mean', 'total_precipitation_sum', 'potential_evaporation_sum']
2024-12-05 12:29:13,966: target_variables: ['streamflow']
2024-12-05 12:29:13,966: static_attributes: ['p_mean', 'pet_mean', 'aridity', 'frac_snow', 'high_prec_freq', 'high_prec_dur', 'low_prec_freq', 'low_prec_dur', 'moisture_index', 'seasonality', 'gwt_cm_sav', 'ele_mt_sav', 'slp_dg_sav', 'sgr_dk_sav', 'area', 'glc_pc_s01', 'glc_pc_s02', 'glc_pc_s03', 'glc_pc_s04', 'glc_pc_s06', 'glc_pc_s07', 'glc_pc_s08', 'glc_pc_s09', 'glc_pc_s10', 'glc_pc_s11', 'glc_pc_s12', 'glc_pc_s13', 'glc_pc_s14', 'glc_pc_s15', 'glc_pc_s16', 'glc_pc_s17', 'glc_pc_s18', 'glc_pc_s19', 'glc_pc_s20', 'glc_pc_s21', 'glc_pc_s22', 'pnv_pc_s01', 'pnv_pc_s02', 'pnv_pc_s03', 'pnv_pc_s04', 'pnv_pc_s05', 'pnv_pc_s06', 'pnv_pc_s07', 'pnv_pc_s08', 'pnv_pc_s09', 'pnv_pc_s10', 'pnv_pc_s11', 'pnv_pc_s12', 'pnv_pc_s13', 'pnv_pc_s14', 'pnv_pc_s15']
2024-12-05 12:29:13,967: statics_embedding: {'hiddens': 10}
2024-12-05 12:29:13,967: number_of_basins: 6375
2024-12-05 12:29:13,967: train_dir: C:\Users\omrin\OneDrive\Desktop\Work\hydrology research\for work\hydrology-project\runs\all_data_caravan_one_layer_0512_122913\train_data
2024-12-05 12:29:13,968: img_log_dir: C:\Users\omrin\OneDrive\Desktop\Work\hydrology research\for work\hydrology-project\runs\all_data_caravan_one_layer_0512_122913\img_log
2024-12-05 12:29:13,979: ### Device cuda:0 will be used for training
